<?xml version="1.0" encoding="UTF-8" ?>
<testsuite errors="0" failures="0" hostname="falblawi" name="com.alworoud.PropertyTests" tests="1" time="5.253" timestamp="2013-01-07T07:15:58">
  <properties />
  <testcase classname="com.alworoud.PropertyTests" name="testProperty" time="4.464" />
  <system-out><![CDATA[--Output from testProperty--
]]></system-out>
  <system-err><![CDATA[--Output from testProperty--
]]></system-err>
</testsuite>
