<?xml version="1.0" encoding="UTF-8" ?>
<testsuite errors="0" failures="0" hostname="falblawi" name="com.alworoud.UnitTests" tests="1" time="0.411" timestamp="2012-12-30T14:41:37">
  <properties />
  <testcase classname="com.alworoud.UnitTests" name="testUnit" time="0.41" />
  <system-out><![CDATA[--Output from testUnit--
]]></system-out>
  <system-err><![CDATA[--Output from testUnit--
]]></system-err>
</testsuite>
