<?xml version="1.0" encoding="UTF-8" ?>
<testsuite errors="0" failures="0" hostname="falblawi" name="com.alworoud.OwnerTests" tests="1" time="4.214" timestamp="2012-12-30T14:41:29">
  <properties />
  <testcase classname="com.alworoud.OwnerTests" name="testOwner" time="2.931" />
  <system-out><![CDATA[--Output from testOwner--
]]></system-out>
  <system-err><![CDATA[--Output from testOwner--
]]></system-err>
</testsuite>
