<?xml version="1.0" encoding="UTF-8" ?>
<testsuite errors="0" failures="0" hostname="falblawi" name="com.alworoud.PropertyTests" tests="1" time="4.382" timestamp="2013-01-06T14:10:00">
  <properties />
  <testcase classname="com.alworoud.PropertyTests" name="testProperty" time="4.174" />
  <system-out><![CDATA[--Output from testProperty--
]]></system-out>
  <system-err><![CDATA[--Output from testProperty--
]]></system-err>
</testsuite>
