<?xml version="1.0" encoding="UTF-8" ?>
<testsuite errors="0" failures="0" hostname="falblawi" name="com.alworoud.PropertyTests" tests="1" time="1.87" timestamp="2012-12-30T14:41:34">
  <properties />
  <testcase classname="com.alworoud.PropertyTests" name="testProperty" time="1.591" />
  <system-out><![CDATA[--Output from testProperty--
]]></system-out>
  <system-err><![CDATA[--Output from testProperty--
]]></system-err>
</testsuite>
